<?xml version="1.0" encoding="UTF-8"?>
<testsuite xmlns:xsi="http://www.w3.org/2001/XMLSchema-instance" xsi:noNamespaceSchemaLocation="https://maven.apache.org/surefire/maven-surefire-plugin/xsd/surefire-test-report-3.0.xsd" version="3.0" name="cortelliscucumber.RunCucumberTest" time="16.436" tests="1" errors="0" skipped="0" failures="1">
  <properties>
[...]
</properties>
  <testcase name="Check Cortellis login page URL is the one provided https://access.cortellis.com/login?app=cmc" classname="Cortellis login url is correct" time="16.317">
    <failure message="The URL provided is not the URL reached through the steps ==&gt; expected: &lt;https://access.cortellis.com/login?app=cmc&gt; but was: &lt;https://access.clarivate.com/login?app=cmc&gt;" type="org.opentest4j.AssertionFailedError"><![CDATA[org.opentest4j.AssertionFailedError: The URL provided is not the URL reached through the steps ==> expected: <https://access.cortellis.com/login?app=cmc> but was: <https://access.clarivate.com/login?app=cmc>
	at org.junit.jupiter.api.AssertionFailureBuilder.build(AssertionFailureBuilder.java:151)
	at org.junit.jupiter.api.AssertionFailureBuilder.buildAndThrow(AssertionFailureBuilder.java:132)
	at org.junit.jupiter.api.AssertEquals.failNotEqual(AssertEquals.java:197)
	at org.junit.jupiter.api.AssertEquals.assertEquals(AssertEquals.java:182)
	at org.junit.jupiter.api.Assertions.assertEquals(Assertions.java:1152)
	at cortelliscucumber.CortellisCMCIntelligenceTests.access_to_cortellis_login_page_and_check_the_url(CortellisCMCIntelligenceTests.java:59)
	at ✽.Access to Cortellis login page and check the URL(classpath:cortelliscucumber/cortellis_login_url_is_corect.feature:6)
]]></failure>
    <system-out><![CDATA[
Scenario: Check Cortellis login page URL is the one provided https://access.cortellis.com/login?app=cmc &amp#27;[90m# cortelliscucumber/cortellis_login_url_is_corect.feature:2&amp#27;[0m
  &amp#27;[32mGiven &amp#27;[0m&amp#27;[32mA URL is provided&amp#27;[0m                                                                               &amp#27;[90m# cortelliscucumber.CortellisCMCIntelligenceTests.a_url_is_provided()&amp#27;[0m
  &amp#27;[32mWhen &amp#27;[0m&amp#27;[32mFound Clarivate in a Google search and navigate through Clarivate pages to Cortellis home page&amp#27;[0m   &amp#27;[90m# cortelliscucumber.CortellisCMCIntelligenceTests.found_clarivate_in_a_google_search_and_navigate_through_clarivate_pages_to_cortellis_home_page()&amp#27;[0m
  &amp#27;[31mThen &amp#27;[0m&amp#27;[31mAccess to Cortellis login page and check the URL&amp#27;[0m                                                 &amp#27;[90m# cortelliscucumber.CortellisCMCIntelligenceTests.access_to_cortellis_login_page_and_check_the_url()&amp#27;[0m
      &amp#27;[31morg.opentest4j.AssertionFailedError: The URL provided is not the URL reached through the steps ==> expected: <https://access.cortellis.com/login?app=cmc> but was: <https://access.clarivate.com/login?app=cmc>
	at org.junit.jupiter.api.AssertionFailureBuilder.build(AssertionFailureBuilder.java:151)
	at org.junit.jupiter.api.AssertionFailureBuilder.buildAndThrow(AssertionFailureBuilder.java:132)
	at org.junit.jupiter.api.AssertEquals.failNotEqual(AssertEquals.java:197)
	at org.junit.jupiter.api.AssertEquals.assertEquals(AssertEquals.java:182)
	at org.junit.jupiter.api.Assertions.assertEquals(Assertions.java:1152)
	at cortelliscucumber.CortellisCMCIntelligenceTests.access_to_cortellis_login_page_and_check_the_url(CortellisCMCIntelligenceTests.java:59)
	at ✽.Access to Cortellis login page and check the URL(classpath:cortelliscucumber/cortellis_login_url_is_corect.feature:6)
&amp#27;[0m
]]></system-out>
    <system-err><![CDATA[SLF4J: Failed to load class "org.slf4j.impl.StaticLoggerBinder".
SLF4J: Defaulting to no-operation (NOP) logger implementation
SLF4J: See http://www.slf4j.org/codes.html#StaticLoggerBinder for further details.
Starting ChromeDriver 107.0.5304.62 (1eec40d3a5764881c92085aaee66d25075c159aa-refs/branch-heads/5304@{#[9146629}5)63 4on19 p.6or87t] 2[W31A1RN4I
NOGn]: lFryo mlSoockAdcdra fali lecd oon nnetnmeasckt
ions are allowed.
Please see https://chromedriver.chromium.org/security-considerations for suggestions on keeping ChromeDriver safe.
ChromeDriver was started successfully.
Nov 27, 2022 4:37:02 PM org.openqa.selenium.devtools.CdpVersionFinder findNearestMatch
WARNING: Unable to find CDP implementation matching 107
Nov 27, 2022 4:37:02 PM org.openqa.selenium.chromium.ChromiumDriver lambda$new$3
WARNING: Unable to find version of CDP to use for . You may need to include a dependency on a specific version of the CDP using something similar to `org.seleniumhq.selenium:selenium-devtools-v86:4.6.0` where the version ("v86") matches the version of the chromium-based browser you're using and the version number of the artifact is the same as Selenium's.
]]></system-err>
  </testcase>
</testsuite>