<?xml version="1.0" encoding="UTF-8"?>
<testsuite xmlns:xsi="http://www.w3.org/2001/XMLSchema-instance" xsi:noNamespaceSchemaLocation="https://maven.apache.org/surefire/maven-surefire-plugin/xsd/surefire-test-report-3.0.xsd" version="3.0" name="cortelliscucumber.RunCucumberTest" time="19.913" tests="5" errors="0" skipped="0" failures="1">
  <properties>
[...]
</properties>
  <testcase name="Got to Cortellis CMC Intelligence login page and check the url is https://access.cortellis.com/login?app=cmc" classname="Access Cortellis CMC Intelligence login page" time="0.06">
    <system-out><![CDATA[
@Step4
Scenario: Got to Cortellis CMC Intelligence login page and check the url is https://access.cortellis.com/login?app=cmc    &amp#27;[90m# cortelliscucumber/acces_cortellis_cmc_intelligence_login.feature:3&amp#27;[0m
  &amp#27;[32mGiven &amp#27;[0m&amp#27;[32mGo to Login in Cortellis CMC Intelligence&amp#27;[0m                                                                         &amp#27;[90m# cortelliscucumber.LoginCortellisCmcIntelligenceTests.go_to_login_in_cortellis_cmc_intelligence()&amp#27;[0m
  &amp#27;[32mWhen &amp#27;[0m&amp#27;[32mClick on Cortellis CMC Intelligence login link in Cortellis product&amp#27;[0m                                                &amp#27;[90m# cortelliscucumber.LoginCortellisCmcIntelligenceTests.click_on_cortellis_cmc_intelligence_login_link_in_cortellis_product()&amp#27;[0m
  &amp#27;[32mThen &amp#27;[0m&amp#27;[32mYou are redirected to  Cortellis CMC Intelligence login page and URL is https://access.cortellis.com/login?app=cmc&amp#27;[0m &amp#27;[90m# cortelliscucumber.LoginCortellisCmcIntelligenceTests.you_are_redirected_to_cortellis_cmc_intelligence_login_page_and_url_is_https_access_cortellis_com_login_app_cmc()&amp#27;[0m
]]></system-out>
    <system-err><![CDATA[SLF4J: Failed to load class "org.slf4j.impl.StaticLoggerBinder".
SLF4J: Defaulting to no-operation (NOP) logger implementation
SLF4J: See http://www.slf4j.org/codes.html#StaticLoggerBinder for further details.
]]></system-err>
  </testcase>
  <testcase name="Check Cortellis login page URL is the one provided https://access.cortellis.com/login?app=cmc" classname="Cortellis login url is correct" time="19.7">
    <failure message="expected: &lt;https://access.clarivate.com/login?app=cmc&gt; but was: &lt;https://access.cortellis.com/login?app=cmc&gt;" type="org.opentest4j.AssertionFailedError"><![CDATA[org.opentest4j.AssertionFailedError: expected: <https://access.clarivate.com/login?app=cmc> but was: <https://access.cortellis.com/login?app=cmc>
	at org.junit.jupiter.api.AssertionFailureBuilder.build(AssertionFailureBuilder.java:151)
	at org.junit.jupiter.api.AssertionFailureBuilder.buildAndThrow(AssertionFailureBuilder.java:132)
	at org.junit.jupiter.api.AssertEquals.failNotEqual(AssertEquals.java:197)
	at org.junit.jupiter.api.AssertEquals.assertEquals(AssertEquals.java:182)
	at org.junit.jupiter.api.AssertEquals.assertEquals(AssertEquals.java:177)
	at org.junit.jupiter.api.Assertions.assertEquals(Assertions.java:1141)
	at cortelliscucumber.CortellisCMCIntelligenceTests.access_to_cortellis_login_page_and_check_the_url(CortellisCMCIntelligenceTests.java:54)
	at ✽.Access to Cortellis login page and check the URL(classpath:cortelliscucumber/cortellis_login_url_is_corect.feature:6)
]]></failure>
    <system-out><![CDATA[
Scenario: Check Cortellis login page URL is the one provided https://access.cortellis.com/login?app=cmc &amp#27;[90m# cortelliscucumber/cortellis_login_url_is_corect.feature:2&amp#27;[0m
  &amp#27;[32mGiven &amp#27;[0m&amp#27;[32mA URL is provided&amp#27;[0m                                                                               &amp#27;[90m# cortelliscucumber.CortellisCMCIntelligenceTests.a_url_is_provided()&amp#27;[0m
  &amp#27;[32mWhen &amp#27;[0m&amp#27;[32mFound Clarivate in a Google search and navigate through Clarivate pages to Cortellis home page&amp#27;[0m   &amp#27;[90m# cortelliscucumber.CortellisCMCIntelligenceTests.found_clarivate_in_a_google_search_and_navigate_through_clarivate_pages_to_cortellis_home_page()&amp#27;[0m
  &amp#27;[31mThen &amp#27;[0m&amp#27;[31mAccess to Cortellis login page and check the URL&amp#27;[0m                                                 &amp#27;[90m# cortelliscucumber.CortellisCMCIntelligenceTests.access_to_cortellis_login_page_and_check_the_url()&amp#27;[0m
      &amp#27;[31morg.opentest4j.AssertionFailedError: expected: <https://access.clarivate.com/login?app=cmc> but was: <https://access.cortellis.com/login?app=cmc>
	at org.junit.jupiter.api.AssertionFailureBuilder.build(AssertionFailureBuilder.java:151)
	at org.junit.jupiter.api.AssertionFailureBuilder.buildAndThrow(AssertionFailureBuilder.java:132)
	at org.junit.jupiter.api.AssertEquals.failNotEqual(AssertEquals.java:197)
	at org.junit.jupiter.api.AssertEquals.assertEquals(AssertEquals.java:182)
	at org.junit.jupiter.api.AssertEquals.assertEquals(AssertEquals.java:177)
	at org.junit.jupiter.api.Assertions.assertEquals(Assertions.java:1141)
	at cortelliscucumber.CortellisCMCIntelligenceTests.access_to_cortellis_login_page_and_check_the_url(CortellisCMCIntelligenceTests.java:54)
	at ✽.Access to Cortellis login page and check the URL(classpath:cortelliscucumber/cortellis_login_url_is_corect.feature:6)
&amp#27;[0m
]]></system-out>
    <system-err><![CDATA[Starting ChromeDriver 107.0.5304.62 (1eec40d3a5764881c92085aaee66d25075c159aa-refs/branch-heads/5304@{#942}) on por[t1 61689868
5On5l3y2 3l1o.c8a5l2 ]c[oWnAnReNcItNiGo]n:s  Farroem SaolclkoAwdeddr. 
fPalielaesde  osene  nhetttmpass:k/
/chromedriver.chromium.org/security-considerations for suggestions on keeping ChromeDriver safe.
ChromeDriver was started successfully.
Nov 27, 2022 1:47:14 PM org.openqa.selenium.devtools.CdpVersionFinder findNearestMatch
WARNING: Unable to find CDP implementation matching 107
Nov 27, 2022 1:47:14 PM org.openqa.selenium.chromium.ChromiumDriver lambda$new$3
WARNING: Unable to find version of CDP to use for . You may need to include a dependency on a specific version of the CDP using something similar to `org.seleniumhq.selenium:selenium-devtools-v86:4.6.0` where the version ("v86") matches the version of the chromium-based browser you're using and the version number of the artifact is the same as Selenium's.
]]></system-err>
  </testcase>
  <testcase name="Go to Clarivate website from Google" classname="Finding Clarivate" time="0.011">
    <system-out><![CDATA[
@Step1
Scenario: Go to Clarivate website from Google               &amp#27;[90m# cortelliscucumber/finding_clarivate.feature:3&amp#27;[0m
  &amp#27;[32mGiven &amp#27;[0m&amp#27;[32mOpen Google Chrome&amp#27;[0m                                  &amp#27;[90m# cortelliscucumber.FindingClarivateTests.open_google_chrome()&amp#27;[0m
  &amp#27;[32mWhen &amp#27;[0m&amp#27;[32mI search for &amp#27;[0m&amp#27;[32m&amp#27;[1m"Clarivate"&amp#27;[0m&amp#27;[32m and click on Clarivate link&amp#27;[0m &amp#27;[90m# cortelliscucumber.FindingClarivateTests.i_search_for_and_click_on_clarivate_link(java.lang.String)&amp#27;[0m
  &amp#27;[32mThen &amp#27;[0m&amp#27;[32mI am redirected to Clarivate website&amp#27;[0m                 &amp#27;[90m# cortelliscucumber.FindingClarivateTests.i_am_redirected_to_clarivate_website()&amp#27;[0m
]]></system-out>
  </testcase>
  <testcase name="Navegate to Cortellis CMC Intelligence page" classname="Navegate to Cortellis CMC Intelligence page" time="0.008">
    <system-out><![CDATA[
@Step3
Scenario: Navegate to Cortellis CMC Intelligence page                              &amp#27;[90m# cortelliscucumber/navegate_to_cortellis_cmc_intelligence.feature:3&amp#27;[0m
  &amp#27;[32mGiven &amp#27;[0m&amp#27;[32mI am in Generics and Manufacturing page&amp#27;[0m                                    &amp#27;[90m# cortelliscucumber.GenericsManufacturingTests.i_am_in_generics_and_manufacturing_page()&amp#27;[0m
  &amp#27;[32mWhen &amp#27;[0m&amp#27;[32mScroll down the page and Click on Our Solution link&amp#27;[0m                         &amp#27;[90m# cortelliscucumber.GenericsManufacturingTests.scroll_down_the_page_and_click_on_our_solution_link()&amp#27;[0m
  &amp#27;[32mThen &amp#27;[0m&amp#27;[32mClick on Cortellis CMC Intelligence to get Cortellis CMC Intelligence page.&amp#27;[0m &amp#27;[90m# cortelliscucumber.GenericsManufacturingTests.click_on_cortellis_cmc_intelligence_to_get_cortellis_cmc_intelligence_page()&amp#27;[0m
]]></system-out>
  </testcase>
  <testcase name="In Clarivate Home page navigate to Generics and Manufacturing link to get to that page" classname="Navegate to Generics and Manufacturing" time="0.008">
    <system-out><![CDATA[
@Step2
Scenario: In Clarivate Home page navigate to Generics and Manufacturing link to get to that page &amp#27;[90m# cortelliscucumber/navegate_to_generic_&_manufacturing.feature:3&amp#27;[0m
  &amp#27;[32mGiven &amp#27;[0m&amp#27;[32mAccepting all cookies in Clarivate home page&amp#27;[0m                                             &amp#27;[90m# cortelliscucumber.ClarivateTests.accepting_all_cookies_in_clarivate_home_page()&amp#27;[0m
  &amp#27;[32mWhen &amp#27;[0m&amp#27;[32mSelect Product and Services&amp#27;[0m                                                               &amp#27;[90m# cortelliscucumber.ClarivateTests.select_product_and_services()&amp#27;[0m
  &amp#27;[32mThen &amp#27;[0m&amp#27;[32mClicking on Generics.. Generics and manufacturing is open&amp#27;[0m                                 &amp#27;[90m# cortelliscucumber.ClarivateTests.clicking_on_generics_generics_and_manufacturing_is_open()&amp#27;[0m
]]></system-out>
  </testcase>
</testsuite>